<?xml version="1.0" encoding="UTF-8"?>
<testsuite xmlns:xsi="http://www.w3.org/2001/XMLSchema-instance" xsi:noNamespaceSchemaLocation="https://maven.apache.org/surefire/maven-surefire-plugin/xsd/surefire-test-report-3.0.xsd" version="3.0" name="org.example.repository.ClaimRepositoryTest" time="9.591" tests="6" errors="0" skipped="0" failures="0">
  <properties>
    <property name="java.specification.version" value="21"/>
    <property name="sun.cpu.isalist" value="amd64"/>
    <property name="sun.jnu.encoding" value="Cp1252"/>
    <property name="java.class.path" value="D:\FurtherProgramming_FinalAssignment\target\test-classes;D:\FurtherProgramming_FinalAssignment\target\classes;C:\Users\vinhh\.m2\repository\org\hibernate\orm\hibernate-core\6.4.4.Final\hibernate-core-6.4.4.Final.jar;C:\Users\vinhh\.m2\repository\jakarta\persistence\jakarta.persistence-api\3.1.0\jakarta.persistence-api-3.1.0.jar;C:\Users\vinhh\.m2\repository\jakarta\transaction\jakarta.transaction-api\2.0.1\jakarta.transaction-api-2.0.1.jar;C:\Users\vinhh\.m2\repository\org\jboss\logging\jboss-logging\3.5.0.Final\jboss-logging-3.5.0.Final.jar;C:\Users\vinhh\.m2\repository\org\hibernate\common\hibernate-commons-annotations\6.0.6.Final\hibernate-commons-annotations-6.0.6.Final.jar;C:\Users\vinhh\.m2\repository\io\smallrye\jandex\3.1.2\jandex-3.1.2.jar;C:\Users\vinhh\.m2\repository\com\fasterxml\classmate\1.5.1\classmate-1.5.1.jar;C:\Users\vinhh\.m2\repository\net\bytebuddy\byte-buddy\1.14.11\byte-buddy-1.14.11.jar;C:\Users\vinhh\.m2\repository\jakarta\xml\bind\jakarta.xml.bind-api\4.0.0\jakarta.xml.bind-api-4.0.0.jar;C:\Users\vinhh\.m2\repository\jakarta\activation\jakarta.activation-api\2.1.0\jakarta.activation-api-2.1.0.jar;C:\Users\vinhh\.m2\repository\org\glassfish\jaxb\jaxb-runtime\4.0.2\jaxb-runtime-4.0.2.jar;C:\Users\vinhh\.m2\repository\org\glassfish\jaxb\jaxb-core\4.0.2\jaxb-core-4.0.2.jar;C:\Users\vinhh\.m2\repository\org\eclipse\angus\angus-activation\2.0.0\angus-activation-2.0.0.jar;C:\Users\vinhh\.m2\repository\org\glassfish\jaxb\txw2\4.0.2\txw2-4.0.2.jar;C:\Users\vinhh\.m2\repository\com\sun\istack\istack-commons-runtime\4.1.1\istack-commons-runtime-4.1.1.jar;C:\Users\vinhh\.m2\repository\jakarta\inject\jakarta.inject-api\2.0.1\jakarta.inject-api-2.0.1.jar;C:\Users\vinhh\.m2\repository\org\antlr\antlr4-runtime\4.13.0\antlr4-runtime-4.13.0.jar;C:\Users\vinhh\.m2\repository\org\postgresql\postgresql\42.7.3\postgresql-42.7.3.jar;C:\Users\vinhh\.m2\repository\org\checkerframework\checker-qual\3.42.0\checker-qual-3.42.0.jar;C:\Users\vinhh\.m2\repository\org\openjfx\javafx-fxml\21-ea+24\javafx-fxml-21-ea+24.jar;C:\Users\vinhh\.m2\repository\org\openjfx\javafx-fxml\21-ea+24\javafx-fxml-21-ea+24-win.jar;C:\Users\vinhh\.m2\repository\org\openjfx\javafx-controls\21-ea+24\javafx-controls-21-ea+24.jar;C:\Users\vinhh\.m2\repository\org\openjfx\javafx-controls\21-ea+24\javafx-controls-21-ea+24-win.jar;C:\Users\vinhh\.m2\repository\org\openjfx\javafx-graphics\21-ea+24\javafx-graphics-21-ea+24.jar;C:\Users\vinhh\.m2\repository\org\openjfx\javafx-graphics\21-ea+24\javafx-graphics-21-ea+24-win.jar;C:\Users\vinhh\.m2\repository\org\openjfx\javafx-base\21-ea+24\javafx-base-21-ea+24.jar;C:\Users\vinhh\.m2\repository\org\openjfx\javafx-base\21-ea+24\javafx-base-21-ea+24-win.jar;C:\Users\vinhh\.m2\repository\org\junit\jupiter\junit-jupiter-api\5.10.2\junit-jupiter-api-5.10.2.jar;C:\Users\vinhh\.m2\repository\org\opentest4j\opentest4j\1.3.0\opentest4j-1.3.0.jar;C:\Users\vinhh\.m2\repository\org\junit\platform\junit-platform-commons\1.10.2\junit-platform-commons-1.10.2.jar;C:\Users\vinhh\.m2\repository\org\apiguardian\apiguardian-api\1.1.2\apiguardian-api-1.1.2.jar;"/>
    <property name="java.vm.vendor" value="Oracle Corporation"/>
    <property name="sun.arch.data.model" value="64"/>
    <property name="user.variant" value=""/>
    <property name="java.vendor.url" value="https://java.oracle.com/"/>
    <property name="user.timezone" value="Asia/Bangkok"/>
    <property name="os.name" value="Windows 11"/>
    <property name="java.vm.specification.version" value="21"/>
    <property name="sun.java.launcher" value="SUN_STANDARD"/>
    <property name="user.country" value="US"/>
    <property name="sun.boot.library.path" value="C:\Program Files\Java\jdk-21\bin"/>
    <property name="sun.java.command" value="C:\Users\vinhh\AppData\Local\Temp\surefire13818177490827157820\surefirebooter-20240519005054170_3.jar C:\Users\vinhh\AppData\Local\Temp\surefire13818177490827157820 2024-05-19T00-50-54_066-jvmRun1 surefire-20240519005054170_1tmp surefire_0-20240519005054170_2tmp"/>
    <property name="jdk.debug" value="release"/>
    <property name="surefire.test.class.path" value="D:\FurtherProgramming_FinalAssignment\target\test-classes;D:\FurtherProgramming_FinalAssignment\target\classes;C:\Users\vinhh\.m2\repository\org\hibernate\orm\hibernate-core\6.4.4.Final\hibernate-core-6.4.4.Final.jar;C:\Users\vinhh\.m2\repository\jakarta\persistence\jakarta.persistence-api\3.1.0\jakarta.persistence-api-3.1.0.jar;C:\Users\vinhh\.m2\repository\jakarta\transaction\jakarta.transaction-api\2.0.1\jakarta.transaction-api-2.0.1.jar;C:\Users\vinhh\.m2\repository\org\jboss\logging\jboss-logging\3.5.0.Final\jboss-logging-3.5.0.Final.jar;C:\Users\vinhh\.m2\repository\org\hibernate\common\hibernate-commons-annotations\6.0.6.Final\hibernate-commons-annotations-6.0.6.Final.jar;C:\Users\vinhh\.m2\repository\io\smallrye\jandex\3.1.2\jandex-3.1.2.jar;C:\Users\vinhh\.m2\repository\com\fasterxml\classmate\1.5.1\classmate-1.5.1.jar;C:\Users\vinhh\.m2\repository\net\bytebuddy\byte-buddy\1.14.11\byte-buddy-1.14.11.jar;C:\Users\vinhh\.m2\repository\jakarta\xml\bind\jakarta.xml.bind-api\4.0.0\jakarta.xml.bind-api-4.0.0.jar;C:\Users\vinhh\.m2\repository\jakarta\activation\jakarta.activation-api\2.1.0\jakarta.activation-api-2.1.0.jar;C:\Users\vinhh\.m2\repository\org\glassfish\jaxb\jaxb-runtime\4.0.2\jaxb-runtime-4.0.2.jar;C:\Users\vinhh\.m2\repository\org\glassfish\jaxb\jaxb-core\4.0.2\jaxb-core-4.0.2.jar;C:\Users\vinhh\.m2\repository\org\eclipse\angus\angus-activation\2.0.0\angus-activation-2.0.0.jar;C:\Users\vinhh\.m2\repository\org\glassfish\jaxb\txw2\4.0.2\txw2-4.0.2.jar;C:\Users\vinhh\.m2\repository\com\sun\istack\istack-commons-runtime\4.1.1\istack-commons-runtime-4.1.1.jar;C:\Users\vinhh\.m2\repository\jakarta\inject\jakarta.inject-api\2.0.1\jakarta.inject-api-2.0.1.jar;C:\Users\vinhh\.m2\repository\org\antlr\antlr4-runtime\4.13.0\antlr4-runtime-4.13.0.jar;C:\Users\vinhh\.m2\repository\org\postgresql\postgresql\42.7.3\postgresql-42.7.3.jar;C:\Users\vinhh\.m2\repository\org\checkerframework\checker-qual\3.42.0\checker-qual-3.42.0.jar;C:\Users\vinhh\.m2\repository\org\openjfx\javafx-fxml\21-ea+24\javafx-fxml-21-ea+24.jar;C:\Users\vinhh\.m2\repository\org\openjfx\javafx-fxml\21-ea+24\javafx-fxml-21-ea+24-win.jar;C:\Users\vinhh\.m2\repository\org\openjfx\javafx-controls\21-ea+24\javafx-controls-21-ea+24.jar;C:\Users\vinhh\.m2\repository\org\openjfx\javafx-controls\21-ea+24\javafx-controls-21-ea+24-win.jar;C:\Users\vinhh\.m2\repository\org\openjfx\javafx-graphics\21-ea+24\javafx-graphics-21-ea+24.jar;C:\Users\vinhh\.m2\repository\org\openjfx\javafx-graphics\21-ea+24\javafx-graphics-21-ea+24-win.jar;C:\Users\vinhh\.m2\repository\org\openjfx\javafx-base\21-ea+24\javafx-base-21-ea+24.jar;C:\Users\vinhh\.m2\repository\org\openjfx\javafx-base\21-ea+24\javafx-base-21-ea+24-win.jar;C:\Users\vinhh\.m2\repository\org\junit\jupiter\junit-jupiter-api\5.10.2\junit-jupiter-api-5.10.2.jar;C:\Users\vinhh\.m2\repository\org\opentest4j\opentest4j\1.3.0\opentest4j-1.3.0.jar;C:\Users\vinhh\.m2\repository\org\junit\platform\junit-platform-commons\1.10.2\junit-platform-commons-1.10.2.jar;C:\Users\vinhh\.m2\repository\org\apiguardian\apiguardian-api\1.1.2\apiguardian-api-1.1.2.jar;"/>
    <property name="sun.cpu.endian" value="little"/>
    <property name="user.home" value="C:\Users\vinhh"/>
    <property name="user.language" value="en"/>
    <property name="java.specification.vendor" value="Oracle Corporation"/>
    <property name="java.version.date" value="2024-04-16"/>
    <property name="java.home" value="C:\Program Files\Java\jdk-21"/>
    <property name="file.separator" value="\"/>
    <property name="basedir" value="D:\FurtherProgramming_FinalAssignment"/>
    <property name="java.vm.compressedOopsMode" value="Zero based"/>
    <property name="line.separator" value="&#10;"/>
    <property name="java.vm.specification.vendor" value="Oracle Corporation"/>
    <property name="java.specification.name" value="Java Platform API Specification"/>
    <property name="surefire.real.class.path" value="C:\Users\vinhh\AppData\Local\Temp\surefire13818177490827157820\surefirebooter-20240519005054170_3.jar"/>
    <property name="user.script" value=""/>
    <property name="sun.management.compiler" value="HotSpot 64-Bit Tiered Compilers"/>
    <property name="java.runtime.version" value="21.0.3+7-LTS-152"/>
    <property name="user.name" value="vinhh"/>
    <property name="stdout.encoding" value="Cp1252"/>
    <property name="path.separator" value=";"/>
    <property name="os.version" value="10.0"/>
    <property name="java.runtime.name" value="Java(TM) SE Runtime Environment"/>
    <property name="file.encoding" value="UTF-8"/>
    <property name="java.vm.name" value="Java HotSpot(TM) 64-Bit Server VM"/>
    <property name="localRepository" value="C:\Users\vinhh\.m2\repository"/>
    <property name="java.vendor.url.bug" value="https://bugreport.java.com/bugreport/"/>
    <property name="java.io.tmpdir" value="C:\Users\vinhh\AppData\Local\Temp\"/>
    <property name="java.version" value="21.0.3"/>
    <property name="user.dir" value="D:\FurtherProgramming_FinalAssignment"/>
    <property name="os.arch" value="amd64"/>
    <property name="java.vm.specification.name" value="Java Virtual Machine Specification"/>
    <property name="sun.os.patch.level" value=""/>
    <property name="native.encoding" value="Cp1252"/>
    <property name="java.library.path" value="C:\Program Files\Java\jdk-21\bin;C:\Windows\Sun\Java\bin;C:\Windows\system32;C:\Windows;C:\Program Files\Common Files\Oracle\Java\javapath;C:\Program Files (x86)\Common Files\Oracle\Java\java8path;C:\Program Files (x86)\Common Files\Oracle\Java\javapath;C:\Windows\system32;C:\Windows;C:\Windows\System32\Wbem;C:\Windows\System32\WindowsPowerShell\v1.0\;C:\Windows\System32\OpenSSH\;C:\Program Files (x86)\NVIDIA Corporation\PhysX\Common;C:\Program Files\NVIDIA Corporation\NVIDIA NvDLISR;C:\Program Files\Cloudflare\Cloudflare WARP\;C:\Program Files\MATLAB\R2023b\bin;C:\Program Files\Java\jdk-21\bin;C:\Program Files\nodejs\;C:\Program Files\Git\cmd;C:\Users\vinhh\AppData\Local\Microsoft\WindowsApps;D:\IntelliJ IDEA 2023.2.4\bin;;C:\Users\vinhh\AppData\Local\GitHubDesktop\bin;C:\Users\vinhh\Downloads\apache-maven-3.9.6-bin\apache-maven-3.9.6\bin;D:\Microsoft VS Code\bin;C:\Users\vinhh\AppData\Roaming\npm;;."/>
    <property name="java.vm.info" value="mixed mode, sharing"/>
    <property name="stderr.encoding" value="Cp1252"/>
    <property name="java.vendor" value="Oracle Corporation"/>
    <property name="java.vm.version" value="21.0.3+7-LTS-152"/>
    <property name="sun.io.unicode.encoding" value="UnicodeLittle"/>
    <property name="java.class.version" value="65.0"/>
  </properties>
  <testcase name="getAll" classname="org.example.repository.ClaimRepositoryTest" time="6.454">
    <system-out><![CDATA[Hibernate: 
    select
        c1_0.id,
        c1_0.bankingInfo,
        c1_0.cardNumber,
        c1_0.claimAmount,
        c1_0.claimDate,
        c1_0.examDate,
        ip1_0.id,
        case 
            when ip1_3.id is not null 
                then 3 
            when ip1_2.id is not null 
                then 4 
            when ip1_0.id is not null 
                then 2 
            when po2_0.id is not null 
                then 5 
            end,
            ip1_1.address,
            ip1_1.email,
            ip1_1.fullName,
            ip1_1.password,
            ip1_1.phone,
            ip1_1.username,
            ic1_0.cardNumber,
            ic1_0.expireDate,
            po1_0.id,
            po1_1.address,
            po1_1.email,
            po1_1.fullName,
            po1_1.password,
            po1_1.phone,
            po1_1.username,
            po1_0.fee,
            ip1_2.policyHolder_id,
            ip1_3.id,
            ip1_3.policyOwner_id,
            p1_0.id,
            im1_0.id,
            im1_1.address,
            im1_1.email,
            im1_1.fullName,
            im1_1.password,
            im1_1.phone,
            im1_1.username,
            is1_0.id,
            is1_1.address,
            is1_1.email,
            is1_1.fullName,
            is1_1.password,
            is1_1.phone,
            is1_1.username,
            is1_0.manager_id,
            p1_0.message,
            c1_0.status 
        from
            Claim c1_0 
        join
            (Beneficiary ip1_0 
        join
            users ip1_1 
                on ip1_0.id=ip1_1.id 
        left join
            Dependant ip1_2 
                on ip1_0.id=ip1_2.id 
        left join
            PolicyHolder ip1_3 
                on ip1_0.id=ip1_3.id) 
            on ip1_0.id=c1_0.insuredPerson_id 
        join
            InsuranceCard ic1_0 
                on ip1_0.id=ic1_0.cardHolder_id 
        join
            (PolicyOwner po1_0 
        join
            users po1_1 
                on po1_0.id=po1_1.id) 
            on po1_0.id=ic1_0.policyOwner_id 
        left join
            PolicyHolder ph1_0 
                on ph1_0.id=ip1_2.policyHolder_id 
        left join
            PolicyOwner po2_0 
                on po2_0.id=ip1_3.policyOwner_id 
        join
            Proposal p1_0 
                on c1_0.id=p1_0.claim_id 
        join
            (InsuranceManager im1_0 
        join
            users im1_1 
                on im1_0.id=im1_1.id) 
            on im1_0.id=p1_0.insuranceManager_id 
        join
            (InsuranceSurveyor is1_0 
        join
            users is1_1 
                on is1_0.id=is1_1.id) 
            on is1_0.id=p1_0.insuranceSurveyor_id
]]></system-out>
    <system-err><![CDATA[May 19, 2024 12:50:54 AM org.hibernate.jpa.internal.util.LogHelper logPersistenceUnitInformation
INFO: HHH000204: Processing PersistenceUnitInfo [name: myPU]
May 19, 2024 12:50:55 AM org.hibernate.Version logVersion
INFO: HHH000412: Hibernate ORM core version 6.4.4.Final
May 19, 2024 12:50:55 AM org.hibernate.jpa.boot.internal.EntityManagerFactoryBuilderImpl lambda$normalizeConnectionAccessUserAndPass$6
WARN: HHH90000021: Encountered deprecated setting [javax.persistence.jdbc.user], use [jakarta.persistence.jdbc.user] instead
May 19, 2024 12:50:55 AM org.hibernate.jpa.boot.internal.EntityManagerFactoryBuilderImpl lambda$normalizeConnectionAccessUserAndPass$12
WARN: HHH90000021: Encountered deprecated setting [javax.persistence.jdbc.password], use [jakarta.persistence.jdbc.password] instead
May 19, 2024 12:50:55 AM org.hibernate.jpa.boot.internal.EntityManagerFactoryBuilderImpl normalizeDataAccess
WARN: HHH90000021: Encountered deprecated setting [javax.persistence.jdbc.url], use [jakarta.persistence.jdbc.url] instead
May 19, 2024 12:50:55 AM org.hibernate.jpa.boot.internal.EntityManagerFactoryBuilderImpl normalizeDataAccess
WARN: HHH90000021: Encountered deprecated setting [javax.persistence.jdbc.driver], use [jakarta.persistence.jdbc.driver] instead
May 19, 2024 12:50:55 AM org.hibernate.cache.internal.RegionFactoryInitiator initiateService
INFO: HHH000026: Second-level cache disabled
May 19, 2024 12:50:55 AM org.hibernate.engine.jdbc.connections.internal.DriverManagerConnectionProviderImpl configure
WARN: HHH10001002: Using built-in connection pool (not intended for production use)
May 19, 2024 12:50:55 AM org.hibernate.engine.jdbc.connections.internal.DriverManagerConnectionProviderImpl buildCreator
INFO: HHH10001005: Loaded JDBC driver class: org.postgresql.Driver
May 19, 2024 12:50:55 AM org.hibernate.engine.jdbc.connections.internal.DriverManagerConnectionProviderImpl buildCreator
INFO: HHH10001012: Connecting with JDBC URL [jdbc:postgresql://aws-0-ap-southeast-1.pooler.supabase.com:5432/postgres]
May 19, 2024 12:50:55 AM org.hibernate.engine.jdbc.connections.internal.DriverManagerConnectionProviderImpl buildCreator
INFO: HHH10001001: Connection properties: {password=****, user=postgres.txqfadgefjliryfwmtbw}
May 19, 2024 12:50:55 AM org.hibernate.engine.jdbc.connections.internal.DriverManagerConnectionProviderImpl buildCreator
INFO: HHH10001003: Autocommit mode: false
May 19, 2024 12:50:55 AM org.hibernate.engine.jdbc.connections.internal.DriverManagerConnectionProviderImpl$PooledConnections <init>
INFO: HHH10001115: Connection pool size: 20 (min=1)
May 19, 2024 12:50:56 AM org.hibernate.engine.jdbc.dialect.internal.DialectFactoryImpl constructDialect
WARN: HHH90000025: PostgreSQLDialect does not need to be specified explicitly using 'hibernate.dialect' (remove the property setting and it will be selected by default)
May 19, 2024 12:50:57 AM org.hibernate.engine.transaction.jta.platform.internal.JtaPlatformInitiator initiateService
INFO: HHH000489: No JTA platform available (set 'hibernate.transaction.jta.platform' to enable JTA platform integration)
May 19, 2024 12:50:57 AM org.hibernate.resource.transaction.backend.jdbc.internal.DdlTransactionIsolatorNonJtaImpl getIsolatedConnection
INFO: HHH10001501: Connection obtained from JdbcConnectionAccess [org.hibernate.engine.jdbc.env.internal.JdbcEnvironmentInitiator$ConnectionProviderJdbcConnectionAccess@76e00bdb] for (non-JTA) DDL execution was not in auto-commit mode; the Connection 'local transaction' will be committed and the Connection will be set into auto-commit mode.
]]></system-err>
  </testcase>
  <testcase name="getAllProcessing" classname="org.example.repository.ClaimRepositoryTest" time="0.799">
    <system-out><![CDATA[Hibernate: 
    select
        c1_0.id,
        c1_0.bankingInfo,
        c1_0.cardNumber,
        c1_0.claimAmount,
        c1_0.claimDate,
        c1_0.examDate,
        c1_0.insuredPerson_id,
        c1_0.status 
    from
        Claim c1_0 
    where
        c1_0.status=?
Hibernate: 
    select
        p1_0.id,
        c1_0.id,
        c1_0.bankingInfo,
        c1_0.cardNumber,
        c1_0.claimAmount,
        c1_0.claimDate,
        c1_0.examDate,
        c1_0.insuredPerson_id,
        c1_0.status,
        im1_0.id,
        im1_1.address,
        im1_1.email,
        im1_1.fullName,
        im1_1.password,
        im1_1.phone,
        im1_1.username,
        is1_0.id,
        is1_1.address,
        is1_1.email,
        is1_1.fullName,
        is1_1.password,
        is1_1.phone,
        is1_1.username,
        m1_0.id,
        m1_1.address,
        m1_1.email,
        m1_1.fullName,
        m1_1.password,
        m1_1.phone,
        m1_1.username,
        p1_0.message 
    from
        Proposal p1_0 
    left join
        Claim c1_0 
            on c1_0.id=p1_0.claim_id 
    left join
        (InsuranceManager im1_0 
    join
        users im1_1 
            on im1_0.id=im1_1.id) 
        on im1_0.id=p1_0.insuranceManager_id 
    left join
        (InsuranceSurveyor is1_0 
    join
        users is1_1 
            on is1_0.id=is1_1.id) 
        on is1_0.id=p1_0.insuranceSurveyor_id 
    left join
        (InsuranceManager m1_0 
    join
        users m1_1 
            on m1_0.id=m1_1.id) 
        on m1_0.id=is1_0.manager_id 
    where
        p1_0.claim_id=?
Hibernate: 
    select
        p1_0.id,
        c1_0.id,
        c1_0.bankingInfo,
        c1_0.cardNumber,
        c1_0.claimAmount,
        c1_0.claimDate,
        c1_0.examDate,
        c1_0.insuredPerson_id,
        c1_0.status,
        im1_0.id,
        im1_1.address,
        im1_1.email,
        im1_1.fullName,
        im1_1.password,
        im1_1.phone,
        im1_1.username,
        is1_0.id,
        is1_1.address,
        is1_1.email,
        is1_1.fullName,
        is1_1.password,
        is1_1.phone,
        is1_1.username,
        m1_0.id,
        m1_1.address,
        m1_1.email,
        m1_1.fullName,
        m1_1.password,
        m1_1.phone,
        m1_1.username,
        p1_0.message 
    from
        Proposal p1_0 
    left join
        Claim c1_0 
            on c1_0.id=p1_0.claim_id 
    left join
        (InsuranceManager im1_0 
    join
        users im1_1 
            on im1_0.id=im1_1.id) 
        on im1_0.id=p1_0.insuranceManager_id 
    left join
        (InsuranceSurveyor is1_0 
    join
        users is1_1 
            on is1_0.id=is1_1.id) 
        on is1_0.id=p1_0.insuranceSurveyor_id 
    left join
        (InsuranceManager m1_0 
    join
        users m1_1 
            on m1_0.id=m1_1.id) 
        on m1_0.id=is1_0.manager_id 
    where
        p1_0.claim_id=?
Hibernate: 
    select
        p1_0.id,
        c1_0.id,
        c1_0.bankingInfo,
        c1_0.cardNumber,
        c1_0.claimAmount,
        c1_0.claimDate,
        c1_0.examDate,
        c1_0.insuredPerson_id,
        c1_0.status,
        im1_0.id,
        im1_1.address,
        im1_1.email,
        im1_1.fullName,
        im1_1.password,
        im1_1.phone,
        im1_1.username,
        is1_0.id,
        is1_1.address,
        is1_1.email,
        is1_1.fullName,
        is1_1.password,
        is1_1.phone,
        is1_1.username,
        m1_0.id,
        m1_1.address,
        m1_1.email,
        m1_1.fullName,
        m1_1.password,
        m1_1.phone,
        m1_1.username,
        p1_0.message 
    from
        Proposal p1_0 
    left join
        Claim c1_0 
            on c1_0.id=p1_0.claim_id 
    left join
        (InsuranceManager im1_0 
    join
        users im1_1 
            on im1_0.id=im1_1.id) 
        on im1_0.id=p1_0.insuranceManager_id 
    left join
        (InsuranceSurveyor is1_0 
    join
        users is1_1 
            on is1_0.id=is1_1.id) 
        on is1_0.id=p1_0.insuranceSurveyor_id 
    left join
        (InsuranceManager m1_0 
    join
        users m1_1 
            on m1_0.id=m1_1.id) 
        on m1_0.id=is1_0.manager_id 
    where
        p1_0.claim_id=?
Hibernate: 
    select
        p1_0.id,
        c1_0.id,
        c1_0.bankingInfo,
        c1_0.cardNumber,
        c1_0.claimAmount,
        c1_0.claimDate,
        c1_0.examDate,
        c1_0.insuredPerson_id,
        c1_0.status,
        im1_0.id,
        im1_1.address,
        im1_1.email,
        im1_1.fullName,
        im1_1.password,
        im1_1.phone,
        im1_1.username,
        is1_0.id,
        is1_1.address,
        is1_1.email,
        is1_1.fullName,
        is1_1.password,
        is1_1.phone,
        is1_1.username,
        m1_0.id,
        m1_1.address,
        m1_1.email,
        m1_1.fullName,
        m1_1.password,
        m1_1.phone,
        m1_1.username,
        p1_0.message 
    from
        Proposal p1_0 
    left join
        Claim c1_0 
            on c1_0.id=p1_0.claim_id 
    left join
        (InsuranceManager im1_0 
    join
        users im1_1 
            on im1_0.id=im1_1.id) 
        on im1_0.id=p1_0.insuranceManager_id 
    left join
        (InsuranceSurveyor is1_0 
    join
        users is1_1 
            on is1_0.id=is1_1.id) 
        on is1_0.id=p1_0.insuranceSurveyor_id 
    left join
        (InsuranceManager m1_0 
    join
        users m1_1 
            on m1_0.id=m1_1.id) 
        on m1_0.id=is1_0.manager_id 
    where
        p1_0.claim_id=?
Hibernate: 
    select
        p1_0.id,
        c1_0.id,
        c1_0.bankingInfo,
        c1_0.cardNumber,
        c1_0.claimAmount,
        c1_0.claimDate,
        c1_0.examDate,
        c1_0.insuredPerson_id,
        c1_0.status,
        im1_0.id,
        im1_1.address,
        im1_1.email,
        im1_1.fullName,
        im1_1.password,
        im1_1.phone,
        im1_1.username,
        is1_0.id,
        is1_1.address,
        is1_1.email,
        is1_1.fullName,
        is1_1.password,
        is1_1.phone,
        is1_1.username,
        m1_0.id,
        m1_1.address,
        m1_1.email,
        m1_1.fullName,
        m1_1.password,
        m1_1.phone,
        m1_1.username,
        p1_0.message 
    from
        Proposal p1_0 
    left join
        Claim c1_0 
            on c1_0.id=p1_0.claim_id 
    left join
        (InsuranceManager im1_0 
    join
        users im1_1 
            on im1_0.id=im1_1.id) 
        on im1_0.id=p1_0.insuranceManager_id 
    left join
        (InsuranceSurveyor is1_0 
    join
        users is1_1 
            on is1_0.id=is1_1.id) 
        on is1_0.id=p1_0.insuranceSurveyor_id 
    left join
        (InsuranceManager m1_0 
    join
        users m1_1 
            on m1_0.id=m1_1.id) 
        on m1_0.id=is1_0.manager_id 
    where
        p1_0.claim_id=?
Hibernate: 
    select
        p1_0.id,
        c1_0.id,
        c1_0.bankingInfo,
        c1_0.cardNumber,
        c1_0.claimAmount,
        c1_0.claimDate,
        c1_0.examDate,
        c1_0.insuredPerson_id,
        c1_0.status,
        im1_0.id,
        im1_1.address,
        im1_1.email,
        im1_1.fullName,
        im1_1.password,
        im1_1.phone,
        im1_1.username,
        is1_0.id,
        is1_1.address,
        is1_1.email,
        is1_1.fullName,
        is1_1.password,
        is1_1.phone,
        is1_1.username,
        m1_0.id,
        m1_1.address,
        m1_1.email,
        m1_1.fullName,
        m1_1.password,
        m1_1.phone,
        m1_1.username,
        p1_0.message 
    from
        Proposal p1_0 
    left join
        Claim c1_0 
            on c1_0.id=p1_0.claim_id 
    left join
        (InsuranceManager im1_0 
    join
        users im1_1 
            on im1_0.id=im1_1.id) 
        on im1_0.id=p1_0.insuranceManager_id 
    left join
        (InsuranceSurveyor is1_0 
    join
        users is1_1 
            on is1_0.id=is1_1.id) 
        on is1_0.id=p1_0.insuranceSurveyor_id 
    left join
        (InsuranceManager m1_0 
    join
        users m1_1 
            on m1_0.id=m1_1.id) 
        on m1_0.id=is1_0.manager_id 
    where
        p1_0.claim_id=?
Hibernate: 
    select
        p1_0.id,
        c1_0.id,
        c1_0.bankingInfo,
        c1_0.cardNumber,
        c1_0.claimAmount,
        c1_0.claimDate,
        c1_0.examDate,
        c1_0.insuredPerson_id,
        c1_0.status,
        im1_0.id,
        im1_1.address,
        im1_1.email,
        im1_1.fullName,
        im1_1.password,
        im1_1.phone,
        im1_1.username,
        is1_0.id,
        is1_1.address,
        is1_1.email,
        is1_1.fullName,
        is1_1.password,
        is1_1.phone,
        is1_1.username,
        m1_0.id,
        m1_1.address,
        m1_1.email,
        m1_1.fullName,
        m1_1.password,
        m1_1.phone,
        m1_1.username,
        p1_0.message 
    from
        Proposal p1_0 
    left join
        Claim c1_0 
            on c1_0.id=p1_0.claim_id 
    left join
        (InsuranceManager im1_0 
    join
        users im1_1 
            on im1_0.id=im1_1.id) 
        on im1_0.id=p1_0.insuranceManager_id 
    left join
        (InsuranceSurveyor is1_0 
    join
        users is1_1 
            on is1_0.id=is1_1.id) 
        on is1_0.id=p1_0.insuranceSurveyor_id 
    left join
        (InsuranceManager m1_0 
    join
        users m1_1 
            on m1_0.id=m1_1.id) 
        on m1_0.id=is1_0.manager_id 
    where
        p1_0.claim_id=?
Hibernate: 
    select
        p1_0.id,
        c1_0.id,
        c1_0.bankingInfo,
        c1_0.cardNumber,
        c1_0.claimAmount,
        c1_0.claimDate,
        c1_0.examDate,
        c1_0.insuredPerson_id,
        c1_0.status,
        im1_0.id,
        im1_1.address,
        im1_1.email,
        im1_1.fullName,
        im1_1.password,
        im1_1.phone,
        im1_1.username,
        is1_0.id,
        is1_1.address,
        is1_1.email,
        is1_1.fullName,
        is1_1.password,
        is1_1.phone,
        is1_1.username,
        m1_0.id,
        m1_1.address,
        m1_1.email,
        m1_1.fullName,
        m1_1.password,
        m1_1.phone,
        m1_1.username,
        p1_0.message 
    from
        Proposal p1_0 
    left join
        Claim c1_0 
            on c1_0.id=p1_0.claim_id 
    left join
        (InsuranceManager im1_0 
    join
        users im1_1 
            on im1_0.id=im1_1.id) 
        on im1_0.id=p1_0.insuranceManager_id 
    left join
        (InsuranceSurveyor is1_0 
    join
        users is1_1 
            on is1_0.id=is1_1.id) 
        on is1_0.id=p1_0.insuranceSurveyor_id 
    left join
        (InsuranceManager m1_0 
    join
        users m1_1 
            on m1_0.id=m1_1.id) 
        on m1_0.id=is1_0.manager_id 
    where
        p1_0.claim_id=?
Hibernate: 
    select
        p1_0.id,
        c1_0.id,
        c1_0.bankingInfo,
        c1_0.cardNumber,
        c1_0.claimAmount,
        c1_0.claimDate,
        c1_0.examDate,
        c1_0.insuredPerson_id,
        c1_0.status,
        im1_0.id,
        im1_1.address,
        im1_1.email,
        im1_1.fullName,
        im1_1.password,
        im1_1.phone,
        im1_1.username,
        is1_0.id,
        is1_1.address,
        is1_1.email,
        is1_1.fullName,
        is1_1.password,
        is1_1.phone,
        is1_1.username,
        m1_0.id,
        m1_1.address,
        m1_1.email,
        m1_1.fullName,
        m1_1.password,
        m1_1.phone,
        m1_1.username,
        p1_0.message 
    from
        Proposal p1_0 
    left join
        Claim c1_0 
            on c1_0.id=p1_0.claim_id 
    left join
        (InsuranceManager im1_0 
    join
        users im1_1 
            on im1_0.id=im1_1.id) 
        on im1_0.id=p1_0.insuranceManager_id 
    left join
        (InsuranceSurveyor is1_0 
    join
        users is1_1 
            on is1_0.id=is1_1.id) 
        on is1_0.id=p1_0.insuranceSurveyor_id 
    left join
        (InsuranceManager m1_0 
    join
        users m1_1 
            on m1_0.id=m1_1.id) 
        on m1_0.id=is1_0.manager_id 
    where
        p1_0.claim_id=?
Hibernate: 
    select
        p1_0.id,
        c1_0.id,
        c1_0.bankingInfo,
        c1_0.cardNumber,
        c1_0.claimAmount,
        c1_0.claimDate,
        c1_0.examDate,
        c1_0.insuredPerson_id,
        c1_0.status,
        im1_0.id,
        im1_1.address,
        im1_1.email,
        im1_1.fullName,
        im1_1.password,
        im1_1.phone,
        im1_1.username,
        is1_0.id,
        is1_1.address,
        is1_1.email,
        is1_1.fullName,
        is1_1.password,
        is1_1.phone,
        is1_1.username,
        m1_0.id,
        m1_1.address,
        m1_1.email,
        m1_1.fullName,
        m1_1.password,
        m1_1.phone,
        m1_1.username,
        p1_0.message 
    from
        Proposal p1_0 
    left join
        Claim c1_0 
            on c1_0.id=p1_0.claim_id 
    left join
        (InsuranceManager im1_0 
    join
        users im1_1 
            on im1_0.id=im1_1.id) 
        on im1_0.id=p1_0.insuranceManager_id 
    left join
        (InsuranceSurveyor is1_0 
    join
        users is1_1 
            on is1_0.id=is1_1.id) 
        on is1_0.id=p1_0.insuranceSurveyor_id 
    left join
        (InsuranceManager m1_0 
    join
        users m1_1 
            on m1_0.id=m1_1.id) 
        on m1_0.id=is1_0.manager_id 
    where
        p1_0.claim_id=?
]]></system-out>
  </testcase>
  <testcase name="findByID" classname="org.example.repository.ClaimRepositoryTest" time="0.136">
    <system-out><![CDATA[Hibernate: 
    select
        c1_0.id,
        c1_0.bankingInfo,
        c1_0.cardNumber,
        c1_0.claimAmount,
        c1_0.claimDate,
        c1_0.examDate,
        c1_0.insuredPerson_id,
        p1_0.id,
        im1_0.id,
        im1_1.address,
        im1_1.email,
        im1_1.fullName,
        im1_1.password,
        im1_1.phone,
        im1_1.username,
        is1_0.id,
        is1_1.address,
        is1_1.email,
        is1_1.fullName,
        is1_1.password,
        is1_1.phone,
        is1_1.username,
        m1_0.id,
        m1_1.address,
        m1_1.email,
        m1_1.fullName,
        m1_1.password,
        m1_1.phone,
        m1_1.username,
        p1_0.message,
        c1_0.status 
    from
        Claim c1_0 
    left join
        Proposal p1_0 
            on c1_0.id=p1_0.claim_id 
    left join
        (InsuranceManager im1_0 
    join
        users im1_1 
            on im1_0.id=im1_1.id) 
        on im1_0.id=p1_0.insuranceManager_id 
    left join
        (InsuranceSurveyor is1_0 
    join
        users is1_1 
            on is1_0.id=is1_1.id) 
        on is1_0.id=p1_0.insuranceSurveyor_id 
    left join
        (InsuranceManager m1_0 
    join
        users m1_1 
            on m1_0.id=m1_1.id) 
        on m1_0.id=is1_0.manager_id 
    where
        c1_0.id=?
]]></system-out>
  </testcase>
  <testcase name="getAllDone" classname="org.example.repository.ClaimRepositoryTest" time="1.086">
    <system-out><![CDATA[Hibernate: 
    select
        c1_0.id,
        c1_0.bankingInfo,
        c1_0.cardNumber,
        c1_0.claimAmount,
        c1_0.claimDate,
        c1_0.examDate,
        c1_0.insuredPerson_id,
        c1_0.status 
    from
        Claim c1_0 
    where
        c1_0.status=?
Hibernate: 
    select
        p1_0.id,
        c1_0.id,
        c1_0.bankingInfo,
        c1_0.cardNumber,
        c1_0.claimAmount,
        c1_0.claimDate,
        c1_0.examDate,
        c1_0.insuredPerson_id,
        c1_0.status,
        im1_0.id,
        im1_1.address,
        im1_1.email,
        im1_1.fullName,
        im1_1.password,
        im1_1.phone,
        im1_1.username,
        is1_0.id,
        is1_1.address,
        is1_1.email,
        is1_1.fullName,
        is1_1.password,
        is1_1.phone,
        is1_1.username,
        m1_0.id,
        m1_1.address,
        m1_1.email,
        m1_1.fullName,
        m1_1.password,
        m1_1.phone,
        m1_1.username,
        p1_0.message 
    from
        Proposal p1_0 
    left join
        Claim c1_0 
            on c1_0.id=p1_0.claim_id 
    left join
        (InsuranceManager im1_0 
    join
        users im1_1 
            on im1_0.id=im1_1.id) 
        on im1_0.id=p1_0.insuranceManager_id 
    left join
        (InsuranceSurveyor is1_0 
    join
        users is1_1 
            on is1_0.id=is1_1.id) 
        on is1_0.id=p1_0.insuranceSurveyor_id 
    left join
        (InsuranceManager m1_0 
    join
        users m1_1 
            on m1_0.id=m1_1.id) 
        on m1_0.id=is1_0.manager_id 
    where
        p1_0.claim_id=?
Hibernate: 
    select
        p1_0.id,
        c1_0.id,
        c1_0.bankingInfo,
        c1_0.cardNumber,
        c1_0.claimAmount,
        c1_0.claimDate,
        c1_0.examDate,
        c1_0.insuredPerson_id,
        c1_0.status,
        im1_0.id,
        im1_1.address,
        im1_1.email,
        im1_1.fullName,
        im1_1.password,
        im1_1.phone,
        im1_1.username,
        is1_0.id,
        is1_1.address,
        is1_1.email,
        is1_1.fullName,
        is1_1.password,
        is1_1.phone,
        is1_1.username,
        m1_0.id,
        m1_1.address,
        m1_1.email,
        m1_1.fullName,
        m1_1.password,
        m1_1.phone,
        m1_1.username,
        p1_0.message 
    from
        Proposal p1_0 
    left join
        Claim c1_0 
            on c1_0.id=p1_0.claim_id 
    left join
        (InsuranceManager im1_0 
    join
        users im1_1 
            on im1_0.id=im1_1.id) 
        on im1_0.id=p1_0.insuranceManager_id 
    left join
        (InsuranceSurveyor is1_0 
    join
        users is1_1 
            on is1_0.id=is1_1.id) 
        on is1_0.id=p1_0.insuranceSurveyor_id 
    left join
        (InsuranceManager m1_0 
    join
        users m1_1 
            on m1_0.id=m1_1.id) 
        on m1_0.id=is1_0.manager_id 
    where
        p1_0.claim_id=?
Hibernate: 
    select
        p1_0.id,
        c1_0.id,
        c1_0.bankingInfo,
        c1_0.cardNumber,
        c1_0.claimAmount,
        c1_0.claimDate,
        c1_0.examDate,
        c1_0.insuredPerson_id,
        c1_0.status,
        im1_0.id,
        im1_1.address,
        im1_1.email,
        im1_1.fullName,
        im1_1.password,
        im1_1.phone,
        im1_1.username,
        is1_0.id,
        is1_1.address,
        is1_1.email,
        is1_1.fullName,
        is1_1.password,
        is1_1.phone,
        is1_1.username,
        m1_0.id,
        m1_1.address,
        m1_1.email,
        m1_1.fullName,
        m1_1.password,
        m1_1.phone,
        m1_1.username,
        p1_0.message 
    from
        Proposal p1_0 
    left join
        Claim c1_0 
            on c1_0.id=p1_0.claim_id 
    left join
        (InsuranceManager im1_0 
    join
        users im1_1 
            on im1_0.id=im1_1.id) 
        on im1_0.id=p1_0.insuranceManager_id 
    left join
        (InsuranceSurveyor is1_0 
    join
        users is1_1 
            on is1_0.id=is1_1.id) 
        on is1_0.id=p1_0.insuranceSurveyor_id 
    left join
        (InsuranceManager m1_0 
    join
        users m1_1 
            on m1_0.id=m1_1.id) 
        on m1_0.id=is1_0.manager_id 
    where
        p1_0.claim_id=?
Hibernate: 
    select
        p1_0.id,
        c1_0.id,
        c1_0.bankingInfo,
        c1_0.cardNumber,
        c1_0.claimAmount,
        c1_0.claimDate,
        c1_0.examDate,
        c1_0.insuredPerson_id,
        c1_0.status,
        im1_0.id,
        im1_1.address,
        im1_1.email,
        im1_1.fullName,
        im1_1.password,
        im1_1.phone,
        im1_1.username,
        is1_0.id,
        is1_1.address,
        is1_1.email,
        is1_1.fullName,
        is1_1.password,
        is1_1.phone,
        is1_1.username,
        m1_0.id,
        m1_1.address,
        m1_1.email,
        m1_1.fullName,
        m1_1.password,
        m1_1.phone,
        m1_1.username,
        p1_0.message 
    from
        Proposal p1_0 
    left join
        Claim c1_0 
            on c1_0.id=p1_0.claim_id 
    left join
        (InsuranceManager im1_0 
    join
        users im1_1 
            on im1_0.id=im1_1.id) 
        on im1_0.id=p1_0.insuranceManager_id 
    left join
        (InsuranceSurveyor is1_0 
    join
        users is1_1 
            on is1_0.id=is1_1.id) 
        on is1_0.id=p1_0.insuranceSurveyor_id 
    left join
        (InsuranceManager m1_0 
    join
        users m1_1 
            on m1_0.id=m1_1.id) 
        on m1_0.id=is1_0.manager_id 
    where
        p1_0.claim_id=?
Hibernate: 
    select
        p1_0.id,
        c1_0.id,
        c1_0.bankingInfo,
        c1_0.cardNumber,
        c1_0.claimAmount,
        c1_0.claimDate,
        c1_0.examDate,
        c1_0.insuredPerson_id,
        c1_0.status,
        im1_0.id,
        im1_1.address,
        im1_1.email,
        im1_1.fullName,
        im1_1.password,
        im1_1.phone,
        im1_1.username,
        is1_0.id,
        is1_1.address,
        is1_1.email,
        is1_1.fullName,
        is1_1.password,
        is1_1.phone,
        is1_1.username,
        m1_0.id,
        m1_1.address,
        m1_1.email,
        m1_1.fullName,
        m1_1.password,
        m1_1.phone,
        m1_1.username,
        p1_0.message 
    from
        Proposal p1_0 
    left join
        Claim c1_0 
            on c1_0.id=p1_0.claim_id 
    left join
        (InsuranceManager im1_0 
    join
        users im1_1 
            on im1_0.id=im1_1.id) 
        on im1_0.id=p1_0.insuranceManager_id 
    left join
        (InsuranceSurveyor is1_0 
    join
        users is1_1 
            on is1_0.id=is1_1.id) 
        on is1_0.id=p1_0.insuranceSurveyor_id 
    left join
        (InsuranceManager m1_0 
    join
        users m1_1 
            on m1_0.id=m1_1.id) 
        on m1_0.id=is1_0.manager_id 
    where
        p1_0.claim_id=?
Hibernate: 
    select
        p1_0.id,
        c1_0.id,
        c1_0.bankingInfo,
        c1_0.cardNumber,
        c1_0.claimAmount,
        c1_0.claimDate,
        c1_0.examDate,
        c1_0.insuredPerson_id,
        c1_0.status,
        im1_0.id,
        im1_1.address,
        im1_1.email,
        im1_1.fullName,
        im1_1.password,
        im1_1.phone,
        im1_1.username,
        is1_0.id,
        is1_1.address,
        is1_1.email,
        is1_1.fullName,
        is1_1.password,
        is1_1.phone,
        is1_1.username,
        m1_0.id,
        m1_1.address,
        m1_1.email,
        m1_1.fullName,
        m1_1.password,
        m1_1.phone,
        m1_1.username,
        p1_0.message 
    from
        Proposal p1_0 
    left join
        Claim c1_0 
            on c1_0.id=p1_0.claim_id 
    left join
        (InsuranceManager im1_0 
    join
        users im1_1 
            on im1_0.id=im1_1.id) 
        on im1_0.id=p1_0.insuranceManager_id 
    left join
        (InsuranceSurveyor is1_0 
    join
        users is1_1 
            on is1_0.id=is1_1.id) 
        on is1_0.id=p1_0.insuranceSurveyor_id 
    left join
        (InsuranceManager m1_0 
    join
        users m1_1 
            on m1_0.id=m1_1.id) 
        on m1_0.id=is1_0.manager_id 
    where
        p1_0.claim_id=?
Hibernate: 
    select
        p1_0.id,
        c1_0.id,
        c1_0.bankingInfo,
        c1_0.cardNumber,
        c1_0.claimAmount,
        c1_0.claimDate,
        c1_0.examDate,
        c1_0.insuredPerson_id,
        c1_0.status,
        im1_0.id,
        im1_1.address,
        im1_1.email,
        im1_1.fullName,
        im1_1.password,
        im1_1.phone,
        im1_1.username,
        is1_0.id,
        is1_1.address,
        is1_1.email,
        is1_1.fullName,
        is1_1.password,
        is1_1.phone,
        is1_1.username,
        m1_0.id,
        m1_1.address,
        m1_1.email,
        m1_1.fullName,
        m1_1.password,
        m1_1.phone,
        m1_1.username,
        p1_0.message 
    from
        Proposal p1_0 
    left join
        Claim c1_0 
            on c1_0.id=p1_0.claim_id 
    left join
        (InsuranceManager im1_0 
    join
        users im1_1 
            on im1_0.id=im1_1.id) 
        on im1_0.id=p1_0.insuranceManager_id 
    left join
        (InsuranceSurveyor is1_0 
    join
        users is1_1 
            on is1_0.id=is1_1.id) 
        on is1_0.id=p1_0.insuranceSurveyor_id 
    left join
        (InsuranceManager m1_0 
    join
        users m1_1 
            on m1_0.id=m1_1.id) 
        on m1_0.id=is1_0.manager_id 
    where
        p1_0.claim_id=?
Hibernate: 
    select
        p1_0.id,
        c1_0.id,
        c1_0.bankingInfo,
        c1_0.cardNumber,
        c1_0.claimAmount,
        c1_0.claimDate,
        c1_0.examDate,
        c1_0.insuredPerson_id,
        c1_0.status,
        im1_0.id,
        im1_1.address,
        im1_1.email,
        im1_1.fullName,
        im1_1.password,
        im1_1.phone,
        im1_1.username,
        is1_0.id,
        is1_1.address,
        is1_1.email,
        is1_1.fullName,
        is1_1.password,
        is1_1.phone,
        is1_1.username,
        m1_0.id,
        m1_1.address,
        m1_1.email,
        m1_1.fullName,
        m1_1.password,
        m1_1.phone,
        m1_1.username,
        p1_0.message 
    from
        Proposal p1_0 
    left join
        Claim c1_0 
            on c1_0.id=p1_0.claim_id 
    left join
        (InsuranceManager im1_0 
    join
        users im1_1 
            on im1_0.id=im1_1.id) 
        on im1_0.id=p1_0.insuranceManager_id 
    left join
        (InsuranceSurveyor is1_0 
    join
        users is1_1 
            on is1_0.id=is1_1.id) 
        on is1_0.id=p1_0.insuranceSurveyor_id 
    left join
        (InsuranceManager m1_0 
    join
        users m1_1 
            on m1_0.id=m1_1.id) 
        on m1_0.id=is1_0.manager_id 
    where
        p1_0.claim_id=?
Hibernate: 
    select
        p1_0.id,
        c1_0.id,
        c1_0.bankingInfo,
        c1_0.cardNumber,
        c1_0.claimAmount,
        c1_0.claimDate,
        c1_0.examDate,
        c1_0.insuredPerson_id,
        c1_0.status,
        im1_0.id,
        im1_1.address,
        im1_1.email,
        im1_1.fullName,
        im1_1.password,
        im1_1.phone,
        im1_1.username,
        is1_0.id,
        is1_1.address,
        is1_1.email,
        is1_1.fullName,
        is1_1.password,
        is1_1.phone,
        is1_1.username,
        m1_0.id,
        m1_1.address,
        m1_1.email,
        m1_1.fullName,
        m1_1.password,
        m1_1.phone,
        m1_1.username,
        p1_0.message 
    from
        Proposal p1_0 
    left join
        Claim c1_0 
            on c1_0.id=p1_0.claim_id 
    left join
        (InsuranceManager im1_0 
    join
        users im1_1 
            on im1_0.id=im1_1.id) 
        on im1_0.id=p1_0.insuranceManager_id 
    left join
        (InsuranceSurveyor is1_0 
    join
        users is1_1 
            on is1_0.id=is1_1.id) 
        on is1_0.id=p1_0.insuranceSurveyor_id 
    left join
        (InsuranceManager m1_0 
    join
        users m1_1 
            on m1_0.id=m1_1.id) 
        on m1_0.id=is1_0.manager_id 
    where
        p1_0.claim_id=?
Hibernate: 
    select
        p1_0.id,
        c1_0.id,
        c1_0.bankingInfo,
        c1_0.cardNumber,
        c1_0.claimAmount,
        c1_0.claimDate,
        c1_0.examDate,
        c1_0.insuredPerson_id,
        c1_0.status,
        im1_0.id,
        im1_1.address,
        im1_1.email,
        im1_1.fullName,
        im1_1.password,
        im1_1.phone,
        im1_1.username,
        is1_0.id,
        is1_1.address,
        is1_1.email,
        is1_1.fullName,
        is1_1.password,
        is1_1.phone,
        is1_1.username,
        m1_0.id,
        m1_1.address,
        m1_1.email,
        m1_1.fullName,
        m1_1.password,
        m1_1.phone,
        m1_1.username,
        p1_0.message 
    from
        Proposal p1_0 
    left join
        Claim c1_0 
            on c1_0.id=p1_0.claim_id 
    left join
        (InsuranceManager im1_0 
    join
        users im1_1 
            on im1_0.id=im1_1.id) 
        on im1_0.id=p1_0.insuranceManager_id 
    left join
        (InsuranceSurveyor is1_0 
    join
        users is1_1 
            on is1_0.id=is1_1.id) 
        on is1_0.id=p1_0.insuranceSurveyor_id 
    left join
        (InsuranceManager m1_0 
    join
        users m1_1 
            on m1_0.id=m1_1.id) 
        on m1_0.id=is1_0.manager_id 
    where
        p1_0.claim_id=?
Hibernate: 
    select
        p1_0.id,
        c1_0.id,
        c1_0.bankingInfo,
        c1_0.cardNumber,
        c1_0.claimAmount,
        c1_0.claimDate,
        c1_0.examDate,
        c1_0.insuredPerson_id,
        c1_0.status,
        im1_0.id,
        im1_1.address,
        im1_1.email,
        im1_1.fullName,
        im1_1.password,
        im1_1.phone,
        im1_1.username,
        is1_0.id,
        is1_1.address,
        is1_1.email,
        is1_1.fullName,
        is1_1.password,
        is1_1.phone,
        is1_1.username,
        m1_0.id,
        m1_1.address,
        m1_1.email,
        m1_1.fullName,
        m1_1.password,
        m1_1.phone,
        m1_1.username,
        p1_0.message 
    from
        Proposal p1_0 
    left join
        Claim c1_0 
            on c1_0.id=p1_0.claim_id 
    left join
        (InsuranceManager im1_0 
    join
        users im1_1 
            on im1_0.id=im1_1.id) 
        on im1_0.id=p1_0.insuranceManager_id 
    left join
        (InsuranceSurveyor is1_0 
    join
        users is1_1 
            on is1_0.id=is1_1.id) 
        on is1_0.id=p1_0.insuranceSurveyor_id 
    left join
        (InsuranceManager m1_0 
    join
        users m1_1 
            on m1_0.id=m1_1.id) 
        on m1_0.id=is1_0.manager_id 
    where
        p1_0.claim_id=?
Hibernate: 
    select
        p1_0.id,
        c1_0.id,
        c1_0.bankingInfo,
        c1_0.cardNumber,
        c1_0.claimAmount,
        c1_0.claimDate,
        c1_0.examDate,
        c1_0.insuredPerson_id,
        c1_0.status,
        im1_0.id,
        im1_1.address,
        im1_1.email,
        im1_1.fullName,
        im1_1.password,
        im1_1.phone,
        im1_1.username,
        is1_0.id,
        is1_1.address,
        is1_1.email,
        is1_1.fullName,
        is1_1.password,
        is1_1.phone,
        is1_1.username,
        m1_0.id,
        m1_1.address,
        m1_1.email,
        m1_1.fullName,
        m1_1.password,
        m1_1.phone,
        m1_1.username,
        p1_0.message 
    from
        Proposal p1_0 
    left join
        Claim c1_0 
            on c1_0.id=p1_0.claim_id 
    left join
        (InsuranceManager im1_0 
    join
        users im1_1 
            on im1_0.id=im1_1.id) 
        on im1_0.id=p1_0.insuranceManager_id 
    left join
        (InsuranceSurveyor is1_0 
    join
        users is1_1 
            on is1_0.id=is1_1.id) 
        on is1_0.id=p1_0.insuranceSurveyor_id 
    left join
        (InsuranceManager m1_0 
    join
        users m1_1 
            on m1_0.id=m1_1.id) 
        on m1_0.id=is1_0.manager_id 
    where
        p1_0.claim_id=?
Hibernate: 
    select
        p1_0.id,
        c1_0.id,
        c1_0.bankingInfo,
        c1_0.cardNumber,
        c1_0.claimAmount,
        c1_0.claimDate,
        c1_0.examDate,
        c1_0.insuredPerson_id,
        c1_0.status,
        im1_0.id,
        im1_1.address,
        im1_1.email,
        im1_1.fullName,
        im1_1.password,
        im1_1.phone,
        im1_1.username,
        is1_0.id,
        is1_1.address,
        is1_1.email,
        is1_1.fullName,
        is1_1.password,
        is1_1.phone,
        is1_1.username,
        m1_0.id,
        m1_1.address,
        m1_1.email,
        m1_1.fullName,
        m1_1.password,
        m1_1.phone,
        m1_1.username,
        p1_0.message 
    from
        Proposal p1_0 
    left join
        Claim c1_0 
            on c1_0.id=p1_0.claim_id 
    left join
        (InsuranceManager im1_0 
    join
        users im1_1 
            on im1_0.id=im1_1.id) 
        on im1_0.id=p1_0.insuranceManager_id 
    left join
        (InsuranceSurveyor is1_0 
    join
        users is1_1 
            on is1_0.id=is1_1.id) 
        on is1_0.id=p1_0.insuranceSurveyor_id 
    left join
        (InsuranceManager m1_0 
    join
        users m1_1 
            on m1_0.id=m1_1.id) 
        on m1_0.id=is1_0.manager_id 
    where
        p1_0.claim_id=?
Hibernate: 
    select
        p1_0.id,
        c1_0.id,
        c1_0.bankingInfo,
        c1_0.cardNumber,
        c1_0.claimAmount,
        c1_0.claimDate,
        c1_0.examDate,
        c1_0.insuredPerson_id,
        c1_0.status,
        im1_0.id,
        im1_1.address,
        im1_1.email,
        im1_1.fullName,
        im1_1.password,
        im1_1.phone,
        im1_1.username,
        is1_0.id,
        is1_1.address,
        is1_1.email,
        is1_1.fullName,
        is1_1.password,
        is1_1.phone,
        is1_1.username,
        m1_0.id,
        m1_1.address,
        m1_1.email,
        m1_1.fullName,
        m1_1.password,
        m1_1.phone,
        m1_1.username,
        p1_0.message 
    from
        Proposal p1_0 
    left join
        Claim c1_0 
            on c1_0.id=p1_0.claim_id 
    left join
        (InsuranceManager im1_0 
    join
        users im1_1 
            on im1_0.id=im1_1.id) 
        on im1_0.id=p1_0.insuranceManager_id 
    left join
        (InsuranceSurveyor is1_0 
    join
        users is1_1 
            on is1_0.id=is1_1.id) 
        on is1_0.id=p1_0.insuranceSurveyor_id 
    left join
        (InsuranceManager m1_0 
    join
        users m1_1 
            on m1_0.id=m1_1.id) 
        on m1_0.id=is1_0.manager_id 
    where
        p1_0.claim_id=?
Hibernate: 
    select
        p1_0.id,
        c1_0.id,
        c1_0.bankingInfo,
        c1_0.cardNumber,
        c1_0.claimAmount,
        c1_0.claimDate,
        c1_0.examDate,
        c1_0.insuredPerson_id,
        c1_0.status,
        im1_0.id,
        im1_1.address,
        im1_1.email,
        im1_1.fullName,
        im1_1.password,
        im1_1.phone,
        im1_1.username,
        is1_0.id,
        is1_1.address,
        is1_1.email,
        is1_1.fullName,
        is1_1.password,
        is1_1.phone,
        is1_1.username,
        m1_0.id,
        m1_1.address,
        m1_1.email,
        m1_1.fullName,
        m1_1.password,
        m1_1.phone,
        m1_1.username,
        p1_0.message 
    from
        Proposal p1_0 
    left join
        Claim c1_0 
            on c1_0.id=p1_0.claim_id 
    left join
        (InsuranceManager im1_0 
    join
        users im1_1 
            on im1_0.id=im1_1.id) 
        on im1_0.id=p1_0.insuranceManager_id 
    left join
        (InsuranceSurveyor is1_0 
    join
        users is1_1 
            on is1_0.id=is1_1.id) 
        on is1_0.id=p1_0.insuranceSurveyor_id 
    left join
        (InsuranceManager m1_0 
    join
        users m1_1 
            on m1_0.id=m1_1.id) 
        on m1_0.id=is1_0.manager_id 
    where
        p1_0.claim_id=?
Hibernate: 
    select
        p1_0.id,
        c1_0.id,
        c1_0.bankingInfo,
        c1_0.cardNumber,
        c1_0.claimAmount,
        c1_0.claimDate,
        c1_0.examDate,
        c1_0.insuredPerson_id,
        c1_0.status,
        im1_0.id,
        im1_1.address,
        im1_1.email,
        im1_1.fullName,
        im1_1.password,
        im1_1.phone,
        im1_1.username,
        is1_0.id,
        is1_1.address,
        is1_1.email,
        is1_1.fullName,
        is1_1.password,
        is1_1.phone,
        is1_1.username,
        m1_0.id,
        m1_1.address,
        m1_1.email,
        m1_1.fullName,
        m1_1.password,
        m1_1.phone,
        m1_1.username,
        p1_0.message 
    from
        Proposal p1_0 
    left join
        Claim c1_0 
            on c1_0.id=p1_0.claim_id 
    left join
        (InsuranceManager im1_0 
    join
        users im1_1 
            on im1_0.id=im1_1.id) 
        on im1_0.id=p1_0.insuranceManager_id 
    left join
        (InsuranceSurveyor is1_0 
    join
        users is1_1 
            on is1_0.id=is1_1.id) 
        on is1_0.id=p1_0.insuranceSurveyor_id 
    left join
        (InsuranceManager m1_0 
    join
        users m1_1 
            on m1_0.id=m1_1.id) 
        on m1_0.id=is1_0.manager_id 
    where
        p1_0.claim_id=?
]]></system-out>
  </testcase>
  <testcase name="getAllNew" classname="org.example.repository.ClaimRepositoryTest" time="0.94">
    <system-out><![CDATA[Hibernate: 
    select
        c1_0.id,
        c1_0.bankingInfo,
        c1_0.cardNumber,
        c1_0.claimAmount,
        c1_0.claimDate,
        c1_0.examDate,
        c1_0.insuredPerson_id,
        c1_0.status 
    from
        Claim c1_0 
    where
        c1_0.status=?
Hibernate: 
    select
        p1_0.id,
        c1_0.id,
        c1_0.bankingInfo,
        c1_0.cardNumber,
        c1_0.claimAmount,
        c1_0.claimDate,
        c1_0.examDate,
        c1_0.insuredPerson_id,
        c1_0.status,
        im1_0.id,
        im1_1.address,
        im1_1.email,
        im1_1.fullName,
        im1_1.password,
        im1_1.phone,
        im1_1.username,
        is1_0.id,
        is1_1.address,
        is1_1.email,
        is1_1.fullName,
        is1_1.password,
        is1_1.phone,
        is1_1.username,
        m1_0.id,
        m1_1.address,
        m1_1.email,
        m1_1.fullName,
        m1_1.password,
        m1_1.phone,
        m1_1.username,
        p1_0.message 
    from
        Proposal p1_0 
    left join
        Claim c1_0 
            on c1_0.id=p1_0.claim_id 
    left join
        (InsuranceManager im1_0 
    join
        users im1_1 
            on im1_0.id=im1_1.id) 
        on im1_0.id=p1_0.insuranceManager_id 
    left join
        (InsuranceSurveyor is1_0 
    join
        users is1_1 
            on is1_0.id=is1_1.id) 
        on is1_0.id=p1_0.insuranceSurveyor_id 
    left join
        (InsuranceManager m1_0 
    join
        users m1_1 
            on m1_0.id=m1_1.id) 
        on m1_0.id=is1_0.manager_id 
    where
        p1_0.claim_id=?
Hibernate: 
    select
        p1_0.id,
        c1_0.id,
        c1_0.bankingInfo,
        c1_0.cardNumber,
        c1_0.claimAmount,
        c1_0.claimDate,
        c1_0.examDate,
        c1_0.insuredPerson_id,
        c1_0.status,
        im1_0.id,
        im1_1.address,
        im1_1.email,
        im1_1.fullName,
        im1_1.password,
        im1_1.phone,
        im1_1.username,
        is1_0.id,
        is1_1.address,
        is1_1.email,
        is1_1.fullName,
        is1_1.password,
        is1_1.phone,
        is1_1.username,
        m1_0.id,
        m1_1.address,
        m1_1.email,
        m1_1.fullName,
        m1_1.password,
        m1_1.phone,
        m1_1.username,
        p1_0.message 
    from
        Proposal p1_0 
    left join
        Claim c1_0 
            on c1_0.id=p1_0.claim_id 
    left join
        (InsuranceManager im1_0 
    join
        users im1_1 
            on im1_0.id=im1_1.id) 
        on im1_0.id=p1_0.insuranceManager_id 
    left join
        (InsuranceSurveyor is1_0 
    join
        users is1_1 
            on is1_0.id=is1_1.id) 
        on is1_0.id=p1_0.insuranceSurveyor_id 
    left join
        (InsuranceManager m1_0 
    join
        users m1_1 
            on m1_0.id=m1_1.id) 
        on m1_0.id=is1_0.manager_id 
    where
        p1_0.claim_id=?
Hibernate: 
    select
        p1_0.id,
        c1_0.id,
        c1_0.bankingInfo,
        c1_0.cardNumber,
        c1_0.claimAmount,
        c1_0.claimDate,
        c1_0.examDate,
        c1_0.insuredPerson_id,
        c1_0.status,
        im1_0.id,
        im1_1.address,
        im1_1.email,
        im1_1.fullName,
        im1_1.password,
        im1_1.phone,
        im1_1.username,
        is1_0.id,
        is1_1.address,
        is1_1.email,
        is1_1.fullName,
        is1_1.password,
        is1_1.phone,
        is1_1.username,
        m1_0.id,
        m1_1.address,
        m1_1.email,
        m1_1.fullName,
        m1_1.password,
        m1_1.phone,
        m1_1.username,
        p1_0.message 
    from
        Proposal p1_0 
    left join
        Claim c1_0 
            on c1_0.id=p1_0.claim_id 
    left join
        (InsuranceManager im1_0 
    join
        users im1_1 
            on im1_0.id=im1_1.id) 
        on im1_0.id=p1_0.insuranceManager_id 
    left join
        (InsuranceSurveyor is1_0 
    join
        users is1_1 
            on is1_0.id=is1_1.id) 
        on is1_0.id=p1_0.insuranceSurveyor_id 
    left join
        (InsuranceManager m1_0 
    join
        users m1_1 
            on m1_0.id=m1_1.id) 
        on m1_0.id=is1_0.manager_id 
    where
        p1_0.claim_id=?
Hibernate: 
    select
        p1_0.id,
        c1_0.id,
        c1_0.bankingInfo,
        c1_0.cardNumber,
        c1_0.claimAmount,
        c1_0.claimDate,
        c1_0.examDate,
        c1_0.insuredPerson_id,
        c1_0.status,
        im1_0.id,
        im1_1.address,
        im1_1.email,
        im1_1.fullName,
        im1_1.password,
        im1_1.phone,
        im1_1.username,
        is1_0.id,
        is1_1.address,
        is1_1.email,
        is1_1.fullName,
        is1_1.password,
        is1_1.phone,
        is1_1.username,
        m1_0.id,
        m1_1.address,
        m1_1.email,
        m1_1.fullName,
        m1_1.password,
        m1_1.phone,
        m1_1.username,
        p1_0.message 
    from
        Proposal p1_0 
    left join
        Claim c1_0 
            on c1_0.id=p1_0.claim_id 
    left join
        (InsuranceManager im1_0 
    join
        users im1_1 
            on im1_0.id=im1_1.id) 
        on im1_0.id=p1_0.insuranceManager_id 
    left join
        (InsuranceSurveyor is1_0 
    join
        users is1_1 
            on is1_0.id=is1_1.id) 
        on is1_0.id=p1_0.insuranceSurveyor_id 
    left join
        (InsuranceManager m1_0 
    join
        users m1_1 
            on m1_0.id=m1_1.id) 
        on m1_0.id=is1_0.manager_id 
    where
        p1_0.claim_id=?
Hibernate: 
    select
        p1_0.id,
        c1_0.id,
        c1_0.bankingInfo,
        c1_0.cardNumber,
        c1_0.claimAmount,
        c1_0.claimDate,
        c1_0.examDate,
        c1_0.insuredPerson_id,
        c1_0.status,
        im1_0.id,
        im1_1.address,
        im1_1.email,
        im1_1.fullName,
        im1_1.password,
        im1_1.phone,
        im1_1.username,
        is1_0.id,
        is1_1.address,
        is1_1.email,
        is1_1.fullName,
        is1_1.password,
        is1_1.phone,
        is1_1.username,
        m1_0.id,
        m1_1.address,
        m1_1.email,
        m1_1.fullName,
        m1_1.password,
        m1_1.phone,
        m1_1.username,
        p1_0.message 
    from
        Proposal p1_0 
    left join
        Claim c1_0 
            on c1_0.id=p1_0.claim_id 
    left join
        (InsuranceManager im1_0 
    join
        users im1_1 
            on im1_0.id=im1_1.id) 
        on im1_0.id=p1_0.insuranceManager_id 
    left join
        (InsuranceSurveyor is1_0 
    join
        users is1_1 
            on is1_0.id=is1_1.id) 
        on is1_0.id=p1_0.insuranceSurveyor_id 
    left join
        (InsuranceManager m1_0 
    join
        users m1_1 
            on m1_0.id=m1_1.id) 
        on m1_0.id=is1_0.manager_id 
    where
        p1_0.claim_id=?
Hibernate: 
    select
        p1_0.id,
        c1_0.id,
        c1_0.bankingInfo,
        c1_0.cardNumber,
        c1_0.claimAmount,
        c1_0.claimDate,
        c1_0.examDate,
        c1_0.insuredPerson_id,
        c1_0.status,
        im1_0.id,
        im1_1.address,
        im1_1.email,
        im1_1.fullName,
        im1_1.password,
        im1_1.phone,
        im1_1.username,
        is1_0.id,
        is1_1.address,
        is1_1.email,
        is1_1.fullName,
        is1_1.password,
        is1_1.phone,
        is1_1.username,
        m1_0.id,
        m1_1.address,
        m1_1.email,
        m1_1.fullName,
        m1_1.password,
        m1_1.phone,
        m1_1.username,
        p1_0.message 
    from
        Proposal p1_0 
    left join
        Claim c1_0 
            on c1_0.id=p1_0.claim_id 
    left join
        (InsuranceManager im1_0 
    join
        users im1_1 
            on im1_0.id=im1_1.id) 
        on im1_0.id=p1_0.insuranceManager_id 
    left join
        (InsuranceSurveyor is1_0 
    join
        users is1_1 
            on is1_0.id=is1_1.id) 
        on is1_0.id=p1_0.insuranceSurveyor_id 
    left join
        (InsuranceManager m1_0 
    join
        users m1_1 
            on m1_0.id=m1_1.id) 
        on m1_0.id=is1_0.manager_id 
    where
        p1_0.claim_id=?
Hibernate: 
    select
        p1_0.id,
        c1_0.id,
        c1_0.bankingInfo,
        c1_0.cardNumber,
        c1_0.claimAmount,
        c1_0.claimDate,
        c1_0.examDate,
        c1_0.insuredPerson_id,
        c1_0.status,
        im1_0.id,
        im1_1.address,
        im1_1.email,
        im1_1.fullName,
        im1_1.password,
        im1_1.phone,
        im1_1.username,
        is1_0.id,
        is1_1.address,
        is1_1.email,
        is1_1.fullName,
        is1_1.password,
        is1_1.phone,
        is1_1.username,
        m1_0.id,
        m1_1.address,
        m1_1.email,
        m1_1.fullName,
        m1_1.password,
        m1_1.phone,
        m1_1.username,
        p1_0.message 
    from
        Proposal p1_0 
    left join
        Claim c1_0 
            on c1_0.id=p1_0.claim_id 
    left join
        (InsuranceManager im1_0 
    join
        users im1_1 
            on im1_0.id=im1_1.id) 
        on im1_0.id=p1_0.insuranceManager_id 
    left join
        (InsuranceSurveyor is1_0 
    join
        users is1_1 
            on is1_0.id=is1_1.id) 
        on is1_0.id=p1_0.insuranceSurveyor_id 
    left join
        (InsuranceManager m1_0 
    join
        users m1_1 
            on m1_0.id=m1_1.id) 
        on m1_0.id=is1_0.manager_id 
    where
        p1_0.claim_id=?
Hibernate: 
    select
        p1_0.id,
        c1_0.id,
        c1_0.bankingInfo,
        c1_0.cardNumber,
        c1_0.claimAmount,
        c1_0.claimDate,
        c1_0.examDate,
        c1_0.insuredPerson_id,
        c1_0.status,
        im1_0.id,
        im1_1.address,
        im1_1.email,
        im1_1.fullName,
        im1_1.password,
        im1_1.phone,
        im1_1.username,
        is1_0.id,
        is1_1.address,
        is1_1.email,
        is1_1.fullName,
        is1_1.password,
        is1_1.phone,
        is1_1.username,
        m1_0.id,
        m1_1.address,
        m1_1.email,
        m1_1.fullName,
        m1_1.password,
        m1_1.phone,
        m1_1.username,
        p1_0.message 
    from
        Proposal p1_0 
    left join
        Claim c1_0 
            on c1_0.id=p1_0.claim_id 
    left join
        (InsuranceManager im1_0 
    join
        users im1_1 
            on im1_0.id=im1_1.id) 
        on im1_0.id=p1_0.insuranceManager_id 
    left join
        (InsuranceSurveyor is1_0 
    join
        users is1_1 
            on is1_0.id=is1_1.id) 
        on is1_0.id=p1_0.insuranceSurveyor_id 
    left join
        (InsuranceManager m1_0 
    join
        users m1_1 
            on m1_0.id=m1_1.id) 
        on m1_0.id=is1_0.manager_id 
    where
        p1_0.claim_id=?
Hibernate: 
    select
        p1_0.id,
        c1_0.id,
        c1_0.bankingInfo,
        c1_0.cardNumber,
        c1_0.claimAmount,
        c1_0.claimDate,
        c1_0.examDate,
        c1_0.insuredPerson_id,
        c1_0.status,
        im1_0.id,
        im1_1.address,
        im1_1.email,
        im1_1.fullName,
        im1_1.password,
        im1_1.phone,
        im1_1.username,
        is1_0.id,
        is1_1.address,
        is1_1.email,
        is1_1.fullName,
        is1_1.password,
        is1_1.phone,
        is1_1.username,
        m1_0.id,
        m1_1.address,
        m1_1.email,
        m1_1.fullName,
        m1_1.password,
        m1_1.phone,
        m1_1.username,
        p1_0.message 
    from
        Proposal p1_0 
    left join
        Claim c1_0 
            on c1_0.id=p1_0.claim_id 
    left join
        (InsuranceManager im1_0 
    join
        users im1_1 
            on im1_0.id=im1_1.id) 
        on im1_0.id=p1_0.insuranceManager_id 
    left join
        (InsuranceSurveyor is1_0 
    join
        users is1_1 
            on is1_0.id=is1_1.id) 
        on is1_0.id=p1_0.insuranceSurveyor_id 
    left join
        (InsuranceManager m1_0 
    join
        users m1_1 
            on m1_0.id=m1_1.id) 
        on m1_0.id=is1_0.manager_id 
    where
        p1_0.claim_id=?
Hibernate: 
    select
        p1_0.id,
        c1_0.id,
        c1_0.bankingInfo,
        c1_0.cardNumber,
        c1_0.claimAmount,
        c1_0.claimDate,
        c1_0.examDate,
        c1_0.insuredPerson_id,
        c1_0.status,
        im1_0.id,
        im1_1.address,
        im1_1.email,
        im1_1.fullName,
        im1_1.password,
        im1_1.phone,
        im1_1.username,
        is1_0.id,
        is1_1.address,
        is1_1.email,
        is1_1.fullName,
        is1_1.password,
        is1_1.phone,
        is1_1.username,
        m1_0.id,
        m1_1.address,
        m1_1.email,
        m1_1.fullName,
        m1_1.password,
        m1_1.phone,
        m1_1.username,
        p1_0.message 
    from
        Proposal p1_0 
    left join
        Claim c1_0 
            on c1_0.id=p1_0.claim_id 
    left join
        (InsuranceManager im1_0 
    join
        users im1_1 
            on im1_0.id=im1_1.id) 
        on im1_0.id=p1_0.insuranceManager_id 
    left join
        (InsuranceSurveyor is1_0 
    join
        users is1_1 
            on is1_0.id=is1_1.id) 
        on is1_0.id=p1_0.insuranceSurveyor_id 
    left join
        (InsuranceManager m1_0 
    join
        users m1_1 
            on m1_0.id=m1_1.id) 
        on m1_0.id=is1_0.manager_id 
    where
        p1_0.claim_id=?
Hibernate: 
    select
        p1_0.id,
        c1_0.id,
        c1_0.bankingInfo,
        c1_0.cardNumber,
        c1_0.claimAmount,
        c1_0.claimDate,
        c1_0.examDate,
        c1_0.insuredPerson_id,
        c1_0.status,
        im1_0.id,
        im1_1.address,
        im1_1.email,
        im1_1.fullName,
        im1_1.password,
        im1_1.phone,
        im1_1.username,
        is1_0.id,
        is1_1.address,
        is1_1.email,
        is1_1.fullName,
        is1_1.password,
        is1_1.phone,
        is1_1.username,
        m1_0.id,
        m1_1.address,
        m1_1.email,
        m1_1.fullName,
        m1_1.password,
        m1_1.phone,
        m1_1.username,
        p1_0.message 
    from
        Proposal p1_0 
    left join
        Claim c1_0 
            on c1_0.id=p1_0.claim_id 
    left join
        (InsuranceManager im1_0 
    join
        users im1_1 
            on im1_0.id=im1_1.id) 
        on im1_0.id=p1_0.insuranceManager_id 
    left join
        (InsuranceSurveyor is1_0 
    join
        users is1_1 
            on is1_0.id=is1_1.id) 
        on is1_0.id=p1_0.insuranceSurveyor_id 
    left join
        (InsuranceManager m1_0 
    join
        users m1_1 
            on m1_0.id=m1_1.id) 
        on m1_0.id=is1_0.manager_id 
    where
        p1_0.claim_id=?
Hibernate: 
    select
        p1_0.id,
        c1_0.id,
        c1_0.bankingInfo,
        c1_0.cardNumber,
        c1_0.claimAmount,
        c1_0.claimDate,
        c1_0.examDate,
        c1_0.insuredPerson_id,
        c1_0.status,
        im1_0.id,
        im1_1.address,
        im1_1.email,
        im1_1.fullName,
        im1_1.password,
        im1_1.phone,
        im1_1.username,
        is1_0.id,
        is1_1.address,
        is1_1.email,
        is1_1.fullName,
        is1_1.password,
        is1_1.phone,
        is1_1.username,
        m1_0.id,
        m1_1.address,
        m1_1.email,
        m1_1.fullName,
        m1_1.password,
        m1_1.phone,
        m1_1.username,
        p1_0.message 
    from
        Proposal p1_0 
    left join
        Claim c1_0 
            on c1_0.id=p1_0.claim_id 
    left join
        (InsuranceManager im1_0 
    join
        users im1_1 
            on im1_0.id=im1_1.id) 
        on im1_0.id=p1_0.insuranceManager_id 
    left join
        (InsuranceSurveyor is1_0 
    join
        users is1_1 
            on is1_0.id=is1_1.id) 
        on is1_0.id=p1_0.insuranceSurveyor_id 
    left join
        (InsuranceManager m1_0 
    join
        users m1_1 
            on m1_0.id=m1_1.id) 
        on m1_0.id=is1_0.manager_id 
    where
        p1_0.claim_id=?
Hibernate: 
    select
        p1_0.id,
        c1_0.id,
        c1_0.bankingInfo,
        c1_0.cardNumber,
        c1_0.claimAmount,
        c1_0.claimDate,
        c1_0.examDate,
        c1_0.insuredPerson_id,
        c1_0.status,
        im1_0.id,
        im1_1.address,
        im1_1.email,
        im1_1.fullName,
        im1_1.password,
        im1_1.phone,
        im1_1.username,
        is1_0.id,
        is1_1.address,
        is1_1.email,
        is1_1.fullName,
        is1_1.password,
        is1_1.phone,
        is1_1.username,
        m1_0.id,
        m1_1.address,
        m1_1.email,
        m1_1.fullName,
        m1_1.password,
        m1_1.phone,
        m1_1.username,
        p1_0.message 
    from
        Proposal p1_0 
    left join
        Claim c1_0 
            on c1_0.id=p1_0.claim_id 
    left join
        (InsuranceManager im1_0 
    join
        users im1_1 
            on im1_0.id=im1_1.id) 
        on im1_0.id=p1_0.insuranceManager_id 
    left join
        (InsuranceSurveyor is1_0 
    join
        users is1_1 
            on is1_0.id=is1_1.id) 
        on is1_0.id=p1_0.insuranceSurveyor_id 
    left join
        (InsuranceManager m1_0 
    join
        users m1_1 
            on m1_0.id=m1_1.id) 
        on m1_0.id=is1_0.manager_id 
    where
        p1_0.claim_id=?
Hibernate: 
    select
        p1_0.id,
        c1_0.id,
        c1_0.bankingInfo,
        c1_0.cardNumber,
        c1_0.claimAmount,
        c1_0.claimDate,
        c1_0.examDate,
        c1_0.insuredPerson_id,
        c1_0.status,
        im1_0.id,
        im1_1.address,
        im1_1.email,
        im1_1.fullName,
        im1_1.password,
        im1_1.phone,
        im1_1.username,
        is1_0.id,
        is1_1.address,
        is1_1.email,
        is1_1.fullName,
        is1_1.password,
        is1_1.phone,
        is1_1.username,
        m1_0.id,
        m1_1.address,
        m1_1.email,
        m1_1.fullName,
        m1_1.password,
        m1_1.phone,
        m1_1.username,
        p1_0.message 
    from
        Proposal p1_0 
    left join
        Claim c1_0 
            on c1_0.id=p1_0.claim_id 
    left join
        (InsuranceManager im1_0 
    join
        users im1_1 
            on im1_0.id=im1_1.id) 
        on im1_0.id=p1_0.insuranceManager_id 
    left join
        (InsuranceSurveyor is1_0 
    join
        users is1_1 
            on is1_0.id=is1_1.id) 
        on is1_0.id=p1_0.insuranceSurveyor_id 
    left join
        (InsuranceManager m1_0 
    join
        users m1_1 
            on m1_0.id=m1_1.id) 
        on m1_0.id=is1_0.manager_id 
    where
        p1_0.claim_id=?
]]></system-out>
  </testcase>
  <testcase name="getAllProcessingAndDone" classname="org.example.repository.ClaimRepositoryTest" time="0.163">
    <system-out><![CDATA[Hibernate: 
    select
        c1_0.id,
        c1_0.bankingInfo,
        c1_0.cardNumber,
        c1_0.claimAmount,
        c1_0.claimDate,
        c1_0.examDate,
        ip1_0.id,
        case 
            when ip1_3.id is not null 
                then 3 
            when ip1_2.id is not null 
                then 4 
            when ip1_0.id is not null 
                then 2 
            when po2_0.id is not null 
                then 5 
            end,
            ip1_1.address,
            ip1_1.email,
            ip1_1.fullName,
            ip1_1.password,
            ip1_1.phone,
            ip1_1.username,
            ic1_0.cardNumber,
            ic1_0.expireDate,
            po1_0.id,
            po1_1.address,
            po1_1.email,
            po1_1.fullName,
            po1_1.password,
            po1_1.phone,
            po1_1.username,
            po1_0.fee,
            ip1_2.policyHolder_id,
            ip1_3.id,
            ip1_3.policyOwner_id,
            p1_0.id,
            im1_0.id,
            im1_1.address,
            im1_1.email,
            im1_1.fullName,
            im1_1.password,
            im1_1.phone,
            im1_1.username,
            is1_0.id,
            is1_1.address,
            is1_1.email,
            is1_1.fullName,
            is1_1.password,
            is1_1.phone,
            is1_1.username,
            is1_0.manager_id,
            p1_0.message,
            c1_0.status 
        from
            Claim c1_0 
        join
            (Beneficiary ip1_0 
        join
            users ip1_1 
                on ip1_0.id=ip1_1.id 
        left join
            Dependant ip1_2 
                on ip1_0.id=ip1_2.id 
        left join
            PolicyHolder ip1_3 
                on ip1_0.id=ip1_3.id) 
            on ip1_0.id=c1_0.insuredPerson_id 
        join
            InsuranceCard ic1_0 
                on ip1_0.id=ic1_0.cardHolder_id 
        join
            (PolicyOwner po1_0 
        join
            users po1_1 
                on po1_0.id=po1_1.id) 
            on po1_0.id=ic1_0.policyOwner_id 
        left join
            PolicyHolder ph1_0 
                on ph1_0.id=ip1_2.policyHolder_id 
        left join
            PolicyOwner po2_0 
                on po2_0.id=ip1_3.policyOwner_id 
        join
            Proposal p1_0 
                on c1_0.id=p1_0.claim_id 
        join
            (InsuranceManager im1_0 
        join
            users im1_1 
                on im1_0.id=im1_1.id) 
            on im1_0.id=p1_0.insuranceManager_id 
        join
            (InsuranceSurveyor is1_0 
        join
            users is1_1 
                on is1_0.id=is1_1.id) 
            on is1_0.id=p1_0.insuranceSurveyor_id
]]></system-out>
  </testcase>
</testsuite>